[debug] [2022-09-27T04:29:21.381Z] ----------------------------------------------------------------------
[debug] [2022-09-27T04:29:21.383Z] Command:       C:\Program Files\nodejs\node.exe C:\Users\ivanc\AppData\Roaming\npm\node_modules\firebase-tools\lib\bin\firebase.js deploy
[debug] [2022-09-27T04:29:21.384Z] CLI Version:   11.1.0
[debug] [2022-09-27T04:29:21.384Z] Platform:      win32
[debug] [2022-09-27T04:29:21.384Z] Node Version:  v16.13.2
[debug] [2022-09-27T04:29:21.385Z] Time:          Mon Sep 26 2022 23:29:21 GMT-0500 (Central Daylight Time)
[debug] [2022-09-27T04:29:21.385Z] ----------------------------------------------------------------------
[debug] 
[debug] [2022-09-27T04:29:21.440Z] > command requires scopes: ["email","openid","https://www.googleapis.com/auth/cloudplatformprojects.readonly","https://www.googleapis.com/auth/firebase","https://www.googleapis.com/auth/cloud-platform"]
[debug] [2022-09-27T04:29:21.440Z] > authorizing via signed-in user (sistema.tutorias.fie@gmail.com)
[debug] [2022-09-27T04:29:21.441Z] [iam] checking project dolphin-faa58 for permissions ["firebase.projects.get","firebasehosting.sites.update"]
[debug] [2022-09-27T04:29:21.442Z] >>> [apiv2][query] POST https://cloudresourcemanager.googleapis.com/v1/projects/dolphin-faa58:testIamPermissions [none]
[debug] [2022-09-27T04:29:21.443Z] >>> [apiv2][body] POST https://cloudresourcemanager.googleapis.com/v1/projects/dolphin-faa58:testIamPermissions {"permissions":["firebase.projects.get","firebasehosting.sites.update"]}
[debug] [2022-09-27T04:29:21.890Z] <<< [apiv2][status] POST https://cloudresourcemanager.googleapis.com/v1/projects/dolphin-faa58:testIamPermissions 200
[debug] [2022-09-27T04:29:21.890Z] <<< [apiv2][body] POST https://cloudresourcemanager.googleapis.com/v1/projects/dolphin-faa58:testIamPermissions {}
[debug] [2022-09-27T04:29:21.890Z] [iam] error while checking permissions, command may fail: FirebaseError: Authorization failed. This account is missing the following required permissions on project dolphin-faa58:

  firebase.projects.get
  firebasehosting.sites.update
[debug] [2022-09-27T04:29:21.891Z] >>> [apiv2][query] GET https://firebase.googleapis.com/v1beta1/projects/dolphin-faa58 [none]
[debug] [2022-09-27T04:29:22.180Z] <<< [apiv2][status] GET https://firebase.googleapis.com/v1beta1/projects/dolphin-faa58 403
[debug] [2022-09-27T04:29:22.181Z] <<< [apiv2][body] GET https://firebase.googleapis.com/v1beta1/projects/dolphin-faa58 {"error":{"code":403,"message":"The caller does not have permission","status":"PERMISSION_DENIED"}}
[debug] [2022-09-27T04:29:22.182Z] HTTP Error: 403, The caller does not have permission
[debug] [2022-09-27T04:29:22.317Z] FirebaseError: HTTP Error: 403, The caller does not have permission
    at responseToError (C:\Users\ivanc\AppData\Roaming\npm\node_modules\firebase-tools\lib\responseToError.js:49:12)
    at RetryOperation._fn (C:\Users\ivanc\AppData\Roaming\npm\node_modules\firebase-tools\lib\apiv2.js:287:77)
    at processTicksAndRejections (node:internal/process/task_queues:96:5)
[error] 
[error] Error: Failed to get Firebase project dolphin-faa58. Please make sure the project exists and your account has permission to access it.
